
---------------------begin-------------------------

[2017/04/11 15:45:18][e][34296475ab0f5eaeebdf44480f9669a6] POST404 88.403µs/order/request/123Not Found
[2017/04/11 15:45:18][d][34296475ab0f5eaeebdf44480f9669a6] StartedPOST/order/request/123for192.168.0.240

---------------------begin-------------------------

[2017/04/11 15:49:20][d][59e48ae7257105bb0b180e214d7d465c] Started POST /order/request/123 for 192.168.0.240

[2017/04/11 15:49:20][e][59e48ae7257105bb0b180e214d7d465c] POST 404 53.189µs /order/request/123 Not Found


---------------------begin-------------------------

[2017/04/11 15:58:57][d][aeabfc6fe3556f028b82fd86b437e867] Started POST /order/request/123 for 192.168.0.240

[2017/04/11 15:58:57][e][aeabfc6fe3556f028b82fd86b437e867] POST 404 80.598µs /order/request/123 Not Found


---------------------begin-------------------------

[2017/04/11 16:00:51][d][3f2413df6680f0c3c2ff71f2c42ba017] Started POST /order/request/123 for 192.168.0.240

[2017/04/11 16:00:51][e][3f2413df6680f0c3c2ff71f2c42ba017] POST 404 70.577µs /order/request/123 Not Found


---------------------begin-------------------------

[2017/04/11 16:01:18][e][e06d20059780c4206c4f64ac70e40f87] POST 404 31.412µs /order/request/123 Not Found

[2017/04/11 16:01:18][d][e06d20059780c4206c4f64ac70e40f87] Started POST /order/request/123 for 192.168.0.240


---------------------begin-------------------------

[2017/04/11 16:03:34][e][d9eaa2348e5614df8f77813f449d9fd5] POST 404 31.501µs /order/request/123 Not Found

[2017/04/11 16:03:34][d][d9eaa2348e5614df8f77813f449d9fd5] Started POST /order/request/123 for 192.168.0.240


---------------------begin-------------------------

[2017/04/11 16:04:12][d][058fc9af55c8cf7ceb24614f84711979] Started POST /order/request/123 for 192.168.0.240

[2017/04/11 16:04:12][e][058fc9af55c8cf7ceb24614f84711979] POST 404 155.157µs /order/request/123 Not Found


---------------------begin-------------------------

[2017/04/11 18:19:53][d][ce8b143f85d2ae35d9cddbfc39c5d810] Started POST /order/request/123 for 192.168.0.240

[2017/04/11 18:19:53][e][ce8b143f85d2ae35d9cddbfc39c5d810] POST 404 103.984µs /order/request/123 Not Found


---------------------begin-------------------------

[2017/04/11 18:20:19][e][61fdb4624461453ba53d882091cf3912] POST 404 174.602µs /order/request/123 Not Found

[2017/04/11 18:20:19][d][61fdb4624461453ba53d882091cf3912] Started POST /order/request/123 for 192.168.0.240


---------------------begin-------------------------

POST 404 122.472µs /order/request/123 Not Found

Started POST /order/request/123 for 192.168.0.240


---------------------begin-------------------------

[2017/04/11 18:22:45][d][be1731b2fefb7edb682f3f59c4a1adcb] Started POST /order/request/123 for 192.168.0.240

[2017/04/11 18:22:45][e][be1731b2fefb7edb682f3f59c4a1adcb] POST 404 33.974µs /order/request/123 Not Found


---------------------begin-------------------------

[2017/04/11 18:27:33][d][903903867b3f247f9a5cf0da4f2ebd5a] Started POST /order/request/123 for 192.168.0.240

[2017/04/11 18:27:33][e][903903867b3f247f9a5cf0da4f2ebd5a] POST 404 72.313µs /order/request/123 Not Found

