
---------------------begin-------------------------

[2017/04/12 12:51:31][d][27be3ffa22913e0fd190f97d7ad73410] Started POST /order/request for 192.168.0.240

[2017/04/12 12:51:31][i][27be3ffa22913e0fd190f97d7ad73410] POST 200 742.213µs /order/request

[2017/04/12 12:51:35][d][47bc91b7743628fc7aa392a871797d35] Started POST /order/request for 192.168.0.240

[2017/04/12 12:51:35][i][47bc91b7743628fc7aa392a871797d35] POST 200 203.687µs /order/request


---------------------begin-------------------------

[2017/04/12 12:52:40][i][f874cad35eb102ae614bd41939b975fc] Started /order/request for 

[2017/04/12 12:52:40][i][f874cad35eb102ae614bd41939b975fc] /order/request 200 1.517488ms &{200 success 1}

[2017/04/12 12:52:40][i][f874cad35eb102ae614bd41939b975fc] Started /order/request for 

[2017/04/12 12:52:40][i][f874cad35eb102ae614bd41939b975fc] /order/request 200 1.201736ms &{200 success 1}

[2017/04/12 12:52:44][i][f53b6e254a6d0f26c207a09cf1785761] Started /order/request for 

[2017/04/12 12:52:44][i][f53b6e254a6d0f26c207a09cf1785761] Started /order/request for 

[2017/04/12 12:52:44][i][f53b6e254a6d0f26c207a09cf1785761] /order/request 200 443.056µs &{200 success 1}

[2017/04/12 12:52:44][i][f53b6e254a6d0f26c207a09cf1785761] /order/request 200 302.016µs &{200 success 1}


---------------------begin-------------------------

[2017/04/12 12:53:16][i][ed693336542a098d2709f93d69e81e00] Started /order/request for 

[2017/04/12 12:53:16][i][ed693336542a098d2709f93d69e81e00] Started /order/request for 

[2017/04/12 12:53:16][i][ed693336542a098d2709f93d69e81e00] /order/request 200 129.936µs &{200 success 1}

[2017/04/12 12:53:16][i][ed693336542a098d2709f93d69e81e00] /order/request 200 241.194µs &{200 success 1}


---------------------begin-------------------------

[2017/04/12 12:53:44][i][4138bcef0357f8eefa41bbd4e337603e] Started /order/request for 

[2017/04/12 12:53:44][i][4138bcef0357f8eefa41bbd4e337603e] Started /order/request for 

[2017/04/12 12:53:44][i][4138bcef0357f8eefa41bbd4e337603e] /order/request 200 154.65µs &{200 success 1}

[2017/04/12 12:53:44][i][4138bcef0357f8eefa41bbd4e337603e] /order/request 200 361.713µs &{200 success 1}

[2017/04/12 12:53:48][i][ff01e3ebc12acc8b235632f27e5a52c2] Started /order/request for 

[2017/04/12 12:53:48][i][ff01e3ebc12acc8b235632f27e5a52c2] Started /order/request for 

[2017/04/12 12:53:48][i][ff01e3ebc12acc8b235632f27e5a52c2] /order/request 200 408.745µs &{200 success 1}

[2017/04/12 12:53:48][i][ff01e3ebc12acc8b235632f27e5a52c2] /order/request 200 233.738µs &{200 success 1}


---------------------begin-------------------------

[2017/04/12 13:47:01][d][eeafde7d953d36f875cef2ffaf42d396] Started POST /order/request for 192.168.0.240

[2017/04/12 13:47:01][i][eeafde7d953d36f875cef2ffaf42d396] POST 200 642.734µs /order/request

[2017/04/12 13:47:05][d][6dc9053adab0e45064c12650b3255e9c] Started POST /order/request for 192.168.0.240

[2017/04/12 13:47:05][i][6dc9053adab0e45064c12650b3255e9c] POST 200 379.549µs /order/request

[2017/04/12 13:47:05][i][6dc9053adab0e45064c12650b3255e9c] Listening on http://192.168.0.240:1034

[2017/04/12 13:47:05][e][6dc9053adab0e45064c12650b3255e9c] listen tcp 192.168.0.240:1034: bind: address already in use


---------------------begin-------------------------

[2017/04/12 13:47:19][i][b4bb8dcd598456985146e3a1823930fd] Started /order/request for 

[2017/04/12 13:47:19][i][b4bb8dcd598456985146e3a1823930fd] Started /order/request for 

[2017/04/12 13:47:19][i][b4bb8dcd598456985146e3a1823930fd] /order/request 200 218.904µs &{200 success 1}

[2017/04/12 13:47:19][i][b4bb8dcd598456985146e3a1823930fd] /order/request 200 404.816µs &{200 success 1}

[2017/04/12 13:47:23][i][4d01b6858fde62653d8a737b256f4c3a] Started /order/request for 

[2017/04/12 13:47:23][i][4d01b6858fde62653d8a737b256f4c3a] Started /order/request for 

[2017/04/12 13:47:23][i][4d01b6858fde62653d8a737b256f4c3a] /order/request 200 205.87µs &{200 success 1}

[2017/04/12 13:47:23][i][4d01b6858fde62653d8a737b256f4c3a] /order/request 200 316.273µs &{200 success 1}


---------------------begin-------------------------

[2017/04/12 14:18:48][d][44a3a0a4883fe28fae328c8387615066] Started POST /order/request for 192.168.0.240

[2017/04/12 14:18:48][i][44a3a0a4883fe28fae328c8387615066] POST 200 258.51µs /order/request

[2017/04/12 14:18:52][d][53031840bd3996cf6f092a6bedec0fcb] Started POST /order/request for 192.168.0.240

[2017/04/12 14:18:52][i][53031840bd3996cf6f092a6bedec0fcb] POST 200 617.521µs /order/request


---------------------begin-------------------------

[2017/04/12 14:21:18][d][d76d6eec16e458fa8a3990d06a405bcc] Started POST /order/request for 192.168.0.240

[2017/04/12 14:21:18][i][d76d6eec16e458fa8a3990d06a405bcc] POST 200 709.985µs /order/request

[2017/04/12 14:21:22][d][ffb58a83ec9601cf5e1f99fee35019fb] Started POST /order/request for 192.168.0.240

[2017/04/12 14:21:22][i][ffb58a83ec9601cf5e1f99fee35019fb] POST 200 298.413µs /order/request


---------------------begin-------------------------

[2017/04/12 14:47:13][i][ddf55fe67778b47f618f85795839ff87] Started /order/request for 

[2017/04/12 14:47:13][i][ddf55fe67778b47f618f85795839ff87] Started /order/request for 

[2017/04/12 14:47:13][i][ddf55fe67778b47f618f85795839ff87] /order/request 200 260.639µs &{200 success 1}

[2017/04/12 14:47:13][i][ddf55fe67778b47f618f85795839ff87] /order/request 200 419.864µs &{200 success 1}

[2017/04/12 14:47:17][i][7b8024f563253524388f702065113fa0] /order/request 200 268.149µs &{200 success 1}

[2017/04/12 14:47:17][i][7b8024f563253524388f702065113fa0] Started /order/request for 

[2017/04/12 14:47:17][i][7b8024f563253524388f702065113fa0] Started /order/request for 

[2017/04/12 14:47:17][i][7b8024f563253524388f702065113fa0] /order/request 200 356.047µs &{200 success 1}


---------------------begin-------------------------

[2017/04/12 14:47:41][d][3f5425db50fd1aac3b685d46c303e6db] Started POST /order/request for 192.168.0.240

[2017/04/12 14:47:41][i][3f5425db50fd1aac3b685d46c303e6db] POST 200 332.268µs /order/request

[2017/04/12 14:47:45][d][dbfd2ab6c00313099b1bc521b215c217] Started POST /order/request for 192.168.0.240

[2017/04/12 14:47:45][i][dbfd2ab6c00313099b1bc521b215c217] POST 200 185.611µs /order/request


---------------------begin-------------------------

[2017/04/12 15:10:28][d][9f07657efde406ad0bff1355ec71627e] Started POST /order/request for 192.168.0.240

[2017/04/12 15:10:28][i][9f07657efde406ad0bff1355ec71627e] POST 200 456.576µs /order/request

[2017/04/12 15:10:32][d][275a9d5d6113229592d52507f2e3191c] Started POST /order/request for 192.168.0.240

[2017/04/12 15:10:32][i][275a9d5d6113229592d52507f2e3191c] POST 200 193.001µs /order/request


---------------------begin-------------------------

[2017/04/12 15:33:58][i][5bfd7a367bc7857dd868483ce253315a] POST 200 659.319µs /order/request

[2017/04/12 15:33:58][d][5bfd7a367bc7857dd868483ce253315a] Started POST /order/request for 192.168.0.240

[2017/04/12 15:34:02][d][a2b2803c8b3df05fe4249cfec66ebadf] Started POST /order/request for 192.168.0.240

[2017/04/12 15:34:02][i][a2b2803c8b3df05fe4249cfec66ebadf] POST 200 374.775µs /order/request


---------------------begin-------------------------

[2017/04/12 15:35:26][d][f7876ebdbd304997777c412b47e92c60] Started POST /order/request for 192.168.0.240

[2017/04/12 15:35:26][i][f7876ebdbd304997777c412b47e92c60] POST 200 475.492µs /order/request

[2017/04/12 15:35:30][d][0ef5395e59213e290851adb38b404f2b] Started POST /order/request for 192.168.0.240

[2017/04/12 15:35:30][i][0ef5395e59213e290851adb38b404f2b] POST 200 176.073µs /order/request


---------------------begin-------------------------

[2017/04/12 15:39:17][d][6c3f831b68b6f3a858170cbd94037e24] Started POST /order/request for 192.168.0.240

[2017/04/12 15:39:17][i][6c3f831b68b6f3a858170cbd94037e24] POST 200 210.867µs /order/request

[2017/04/12 15:39:21][d][3b1170b4ec4295959b672d14d12a21b3] Started POST /order/request for 192.168.0.240

[2017/04/12 15:39:21][i][3b1170b4ec4295959b672d14d12a21b3] POST 200 249.981µs /order/request


---------------------begin-------------------------

[2017/04/12 15:41:18][i][d8daf09e5c48eb03b889217160ff2c2a] Started /order/request for 

[2017/04/12 15:41:18][i][d8daf09e5c48eb03b889217160ff2c2a] Started /order/request for 

[2017/04/12 15:41:18][i][d8daf09e5c48eb03b889217160ff2c2a] /order/request 200 164.103µs &{200 success 1}

[2017/04/12 15:41:18][i][d8daf09e5c48eb03b889217160ff2c2a] /order/request 200 246.798µs &{200 success 1}

[2017/04/12 15:41:22][i][f154e774f117a01e5fbada3c79f6aa7b] Started /order/request for 

[2017/04/12 15:41:22][i][f154e774f117a01e5fbada3c79f6aa7b] /order/request 200 1.131349ms &{200 success 1}

[2017/04/12 15:41:22][i][f154e774f117a01e5fbada3c79f6aa7b] /order/request 200 424.86µs &{200 success 1}

[2017/04/12 15:41:22][i][f154e774f117a01e5fbada3c79f6aa7b] Started /order/request for 


---------------------begin-------------------------

[2017/04/12 15:50:19][i][965217de3da5703aa973e877c32f0e52] Started /order/request for 

[2017/04/12 15:50:19][i][965217de3da5703aa973e877c32f0e52] /order/request 200 76.869µs &{200 success 1}

[2017/04/12 15:50:19][i][965217de3da5703aa973e877c32f0e52] /order/request 200 157.325µs &{200 success 1}

[2017/04/12 15:50:19][i][965217de3da5703aa973e877c32f0e52] Started /order/request for 


---------------------begin-------------------------

[2017/04/12 15:50:26][i][4caf7bdea00dcd37d09b5e59baacdcd1] /order/request 200 357.864µs &{200 success 1}

[2017/04/12 15:50:26][i][4caf7bdea00dcd37d09b5e59baacdcd1] Started /order/request for 

[2017/04/12 15:50:26][i][4caf7bdea00dcd37d09b5e59baacdcd1] Started /order/request for 

[2017/04/12 15:50:26][i][4caf7bdea00dcd37d09b5e59baacdcd1] /order/request 200 215.909µs &{200 success 1}

[2017/04/12 15:50:30][i][a2680ea88e067188064318454f304973] Started /order/request for 

[2017/04/12 15:50:30][i][a2680ea88e067188064318454f304973] /order/request 200 126.536µs &{200 success 1}

[2017/04/12 15:50:30][i][a2680ea88e067188064318454f304973] Started /order/request for 

[2017/04/12 15:50:30][i][a2680ea88e067188064318454f304973] /order/request 200 93.613µs &{200 success 1}

