
---------------------begin-------------------------

[2017/04/11 15:45:18][d][de4ac7f4d82657b4109130985f1f87f6] StartedPOST/order/requestfor192.168.0.240
[2017/04/11 15:45:18][i][de4ac7f4d82657b4109130985f1f87f6] POST200 458.21µs/order/request
[2017/04/11 15:45:22][d][4069425b6aa057d60d871b8bbbc73fbd] StartedPOST/order/requestfor192.168.0.240
[2017/04/11 15:45:22][i][4069425b6aa057d60d871b8bbbc73fbd] POST200 403.655µs/order/request

---------------------begin-------------------------

[2017/04/11 15:49:20][d][e10d24e0bcc4348d9e0daccff1653044] Started POST /order/request for 192.168.0.240

[2017/04/11 15:49:20][i][e10d24e0bcc4348d9e0daccff1653044] POST 200 379.304µs /order/request

[2017/04/11 15:49:24][d][e6abdd009205da0994732d66d3e00891] Started POST /order/request for 192.168.0.240

[2017/04/11 15:49:24][i][e6abdd009205da0994732d66d3e00891] POST 200 372.644µs /order/request


---------------------begin-------------------------

[2017/04/11 15:58:57][d][fe3b6d9175f826bea263eddb77917676] Started POST /order/request for 192.168.0.240

[2017/04/11 15:58:57][i][fe3b6d9175f826bea263eddb77917676] POST 200 390.473µs /order/request


---------------------begin-------------------------

[2017/04/11 16:00:51][d][090e9fa40eda0f6d48d86c3b8f7ee259] Started POST /order/request for 192.168.0.240

[2017/04/11 16:00:51][i][090e9fa40eda0f6d48d86c3b8f7ee259] POST 200 310.586µs /order/request


---------------------begin-------------------------

[2017/04/11 16:01:18][d][278ffafbe8641326d73ce5a009e73e1a] Started POST /order/request for 192.168.0.240

[2017/04/11 16:01:18][i][278ffafbe8641326d73ce5a009e73e1a] POST 200 179.396µs /order/request


---------------------begin-------------------------

[2017/04/11 16:03:34][d][113e127b859fc4da7ec63884d6ca7c24] Started POST /order/request for 192.168.0.240

[2017/04/11 16:03:34][i][113e127b859fc4da7ec63884d6ca7c24] POST 200 195.362µs /order/request

[2017/04/11 16:03:38][d][488a3d45d4fd7449900749b9486cf5c6] Started POST /order/request for 192.168.0.240

[2017/04/11 16:03:38][i][488a3d45d4fd7449900749b9486cf5c6] POST 200 168.494µs /order/request


---------------------begin-------------------------

[2017/04/11 16:04:12][d][71343e680895f0a88eb982bf3b0b688f] Started POST /order/request for 192.168.0.240

[2017/04/11 16:04:12][i][71343e680895f0a88eb982bf3b0b688f] POST 200 359.818µs /order/request

[2017/04/11 16:04:16][d][1b286697554785abdaff33575403ea48] Started POST /order/request for 192.168.0.240

[2017/04/11 16:04:16][i][1b286697554785abdaff33575403ea48] POST 200 245.952µs /order/request


---------------------begin-------------------------

[2017/04/11 18:19:53][d][326adfcc4b7af2c2fa6b100f3a07e759] Started POST /order/request for 192.168.0.240

[2017/04/11 18:19:53][i][326adfcc4b7af2c2fa6b100f3a07e759] POST 200 447.873µs /order/request


---------------------begin-------------------------

[2017/04/11 18:20:19][d][b5bdf3757f909b7e4ee84e3dc8cc9234] Started POST /order/request for 192.168.0.240

[2017/04/11 18:20:19][i][b5bdf3757f909b7e4ee84e3dc8cc9234] POST 200 531.232µs /order/request

[2017/04/11 18:20:24][d][8530d2c05c0b072ef06592b2efb837d9] Started POST /order/request for 192.168.0.240

[2017/04/11 18:20:24][i][8530d2c05c0b072ef06592b2efb837d9] POST 200 189.18µs /order/request


---------------------begin-------------------------

Started POST /order/request for 192.168.0.240

POST 200 729.453µs /order/request

Started POST /order/request for 192.168.0.240

POST 200 321.865µs /order/request


---------------------begin-------------------------

[2017/04/11 18:22:45][d][6770338206ff5bfdaa74181c7b994df0] Started POST /order/request for 192.168.0.240

[2017/04/11 18:22:45][i][6770338206ff5bfdaa74181c7b994df0] POST 200 193.905µs /order/request

[2017/04/11 18:22:49][d][20b8cc7f84f51b5c2d26fe7898aa3180] Started POST /order/request for 192.168.0.240

[2017/04/11 18:22:49][i][20b8cc7f84f51b5c2d26fe7898aa3180] POST 200 436.983µs /order/request


---------------------begin-------------------------

[2017/04/11 18:27:33][d][253617ab24c135edb9f8327e9f189328] Started POST /order/request for 192.168.0.240

[2017/04/11 18:27:33][i][253617ab24c135edb9f8327e9f189328] POST 200 311.798µs /order/request

[2017/04/11 18:27:37][d][f3d80057a31715ceb9837dbbfb0b5e63] Started POST /order/request for 192.168.0.240

[2017/04/11 18:27:37][i][f3d80057a31715ceb9837dbbfb0b5e63] POST 200 388.674µs /order/request

