
--------------------begin------------------------

[2017/04/19 13:37:18][i][a380685da942bebfa600e31e4f2d4eee] Started POST /order/request for 192.168.0.240
[2017/04/19 13:37:18][i][a380685da942bebfa600e31e4f2d4eee] POST 200 339.857µs /order/request

--------------------begin------------------------

[2017/04/19 13:37:56][i][de124630e5289ba2d153d7f8bc8af671] POST 200 610.947µs /order/request
[2017/04/19 13:37:56][i][de124630e5289ba2d153d7f8bc8af671] Started POST /order/request for 192.168.0.240
[2017/04/19 13:38:00][i][12ffc8409829b79be8b1a10779a51384] Started POST /order/request for 192.168.0.240
[2017/04/19 13:38:00][i][12ffc8409829b79be8b1a10779a51384] POST 200 188.532µs /order/request

--------------------begin------------------------

[2017/04/19 13:40:32][i][0de749846f2fe436d731e2aa4be30252] Started POST /order/request for 192.168.0.240
[2017/04/19 13:40:32][i][0de749846f2fe436d731e2aa4be30252] POST 200 390.748µs /order/request
[2017/04/19 13:40:36][i][a8ad32167d3a24138cc325e664da79fd] Started POST /order/request for 192.168.0.240
[2017/04/19 13:40:36][i][a8ad32167d3a24138cc325e664da79fd] POST 200 189.126µs /order/request

--------------------begin------------------------

[2017/04/19 13:42:04][i][db91b912809abd35c50e4c29ed3259cd] Started POST /order/request for 192.168.0.240
[2017/04/19 13:42:04][i][db91b912809abd35c50e4c29ed3259cd] POST 200 356.934µs /order/request
[2017/04/19 13:42:08][i][24e046fcba28199363b0650bb365183b] Started POST /order/request for 192.168.0.240
[2017/04/19 13:42:08][i][24e046fcba28199363b0650bb365183b] POST 200 213.485µs /order/request

--------------------begin------------------------

[2017/04/19 13:48:11][i][4f45d61bb501c7478362ce8e2abb613b] Started POST /order/request for 192.168.0.240
[2017/04/19 13:48:11][i][4f45d61bb501c7478362ce8e2abb613b] POST 200 781.329µs /order/request
[2017/04/19 13:48:15][i][6029caeeda0bc5ac43d433374b30772f] Started POST /order/request for 192.168.0.240
[2017/04/19 13:48:15][i][6029caeeda0bc5ac43d433374b30772f] POST 200 371.84µs /order/request

--------------------begin------------------------

[2017/04/19 13:50:25][i][4f9c21737173dfeae0e27954f093ec2d] Started POST /order/request for 192.168.0.240
[2017/04/19 13:50:25][i][4f9c21737173dfeae0e27954f093ec2d] POST 200 200.593µs /order/request
[2017/04/19 13:50:29][i][11909cf0bd5ff500168dd1daee4a75d9] Started POST /order/request for 192.168.0.240
[2017/04/19 13:50:29][i][11909cf0bd5ff500168dd1daee4a75d9] POST 200 184.516µs /order/request

--------------------begin------------------------

[2017/04/19 13:51:47][i][a90ae85508ef5a73ba0d18b8587d70b2] POST 200 777.518µs /order/request
[2017/04/19 13:51:47][i][a90ae85508ef5a73ba0d18b8587d70b2] Started POST /order/request for 192.168.0.240
[2017/04/19 13:51:51][i][ed2efbcb702c2dbf60ddca2097f3220e] Started POST /order/request for 192.168.0.240
[2017/04/19 13:51:51][i][ed2efbcb702c2dbf60ddca2097f3220e] POST 200 475µs /order/request

--------------------begin------------------------

[2017/04/19 13:52:51][i][c6bc6ab8200a0c40d7ab1efd4f52abb7] Started POST /order/request for 192.168.0.240
[2017/04/19 13:52:51][i][c6bc6ab8200a0c40d7ab1efd4f52abb7] POST 200 891.497µs /order/request
[2017/04/19 13:52:55][i][e38c80370bdfd03088ef59a04d43f5fa] Started POST /order/request for 192.168.0.240
[2017/04/19 13:52:55][i][e38c80370bdfd03088ef59a04d43f5fa] POST 200 217.314µs /order/request

--------------------begin------------------------

[2017/04/19 15:24:24][i][07aa756d3beb03a32dc18b588cd295ab] Started /order/request for 
[2017/04/19 15:24:24][i][07aa756d3beb03a32dc18b588cd295ab] Started /order/request for 
[2017/04/19 15:24:24][i][07aa756d3beb03a32dc18b588cd295ab] /order/request 200 293.514µs &{200 success 1}
[2017/04/19 15:24:24][i][07aa756d3beb03a32dc18b588cd295ab] /order/request 200 562.13µs &{200 success 1}

--------------------begin------------------------

[2017/04/19 15:24:34][i][034798289e374448270ac3ccf09baf5b] Started /order/request for 
[2017/04/19 15:24:34][i][034798289e374448270ac3ccf09baf5b] Started /order/request for 
[2017/04/19 15:24:34][i][034798289e374448270ac3ccf09baf5b] /order/request 200 142.726µs &{200 success 1}
[2017/04/19 15:24:34][i][034798289e374448270ac3ccf09baf5b] /order/request 200 247.859µs &{200 success 1}
[2017/04/19 15:24:38][i][013f5aaa5abb995bcc4c5a81a097537a] Started /order/request for 
[2017/04/19 15:24:38][i][013f5aaa5abb995bcc4c5a81a097537a] Started /order/request for 
[2017/04/19 15:24:38][i][013f5aaa5abb995bcc4c5a81a097537a] /order/request 200 165.052µs &{200 success 1}
[2017/04/19 15:24:38][i][013f5aaa5abb995bcc4c5a81a097537a] /order/request 200 251.763µs &{200 success 1}

--------------------begin------------------------

[2017/04/19 15:43:26][i][ddcc2e5b8d889053de7eb4e63431327f] Started /order/request for 
[2017/04/19 15:43:26][i][ddcc2e5b8d889053de7eb4e63431327f] Started /order/request for 
[2017/04/19 15:43:26][i][ddcc2e5b8d889053de7eb4e63431327f] /order/request 200 315.416µs &{200 success 1}
[2017/04/19 15:43:26][i][ddcc2e5b8d889053de7eb4e63431327f] /order/request 200 512.917µs &{200 success 1}
[2017/04/19 15:43:30][i][ecdd582b109f72ec4e2dc302cef7a733] Started /order/request for 
[2017/04/19 15:43:30][i][ecdd582b109f72ec4e2dc302cef7a733] Started /order/request for 
[2017/04/19 15:43:30][i][ecdd582b109f72ec4e2dc302cef7a733] /order/request 200 182.316µs &{200 success 1}
[2017/04/19 15:43:30][i][ecdd582b109f72ec4e2dc302cef7a733] /order/request 200 290.121µs &{200 success 1}

--------------------begin------------------------

[2017/04/19 19:23:05][i][7b9d633a1667c972de780f05bf39c91a] Started POST /order/request for 192.168.0.240
[2017/04/19 19:23:05][i][7b9d633a1667c972de780f05bf39c91a] POST 200 1.066069ms /order/request
[2017/04/19 19:23:09][i][1dc4f59e13e19c023daef806126aefee] Started POST /order/request for 192.168.0.240
[2017/04/19 19:23:09][i][1dc4f59e13e19c023daef806126aefee] POST 200 370.851µs /order/request

--------------------begin------------------------

[2017/04/19 19:24:17][i][7fe9c1f9a502eb169845914f7374b08d] Started /order/request for 
[2017/04/19 19:24:17][i][7fe9c1f9a502eb169845914f7374b08d] Started /order/request for 
[2017/04/19 19:24:17][i][7fe9c1f9a502eb169845914f7374b08d] /order/request 200 202.811µs &{200 success 1}
[2017/04/19 19:24:17][i][7fe9c1f9a502eb169845914f7374b08d] /order/request 200 133.49µs &{200 success 1}
[2017/04/19 19:24:21][i][3c2b99b96713ee7e981a9084df15c080] Started /order/request for 
[2017/04/19 19:24:21][i][3c2b99b96713ee7e981a9084df15c080] Started /order/request for 
[2017/04/19 19:24:21][i][3c2b99b96713ee7e981a9084df15c080] /order/request 200 119.498µs &{200 success 1}
[2017/04/19 19:24:21][i][3c2b99b96713ee7e981a9084df15c080] /order/request 200 168.21µs &{200 success 1}

--------------------begin------------------------

[2017/04/19 19:44:05][i][e4b5e94c07ace32868b3d045eb9a10d3] Started POST /order/request for 192.168.0.240
[2017/04/19 19:44:05][i][e4b5e94c07ace32868b3d045eb9a10d3] POST 200 576.147µs /order/request
[2017/04/19 19:44:09][i][fab965ddb9d65891f222a2087347a844] Started POST /order/request for 192.168.0.240
[2017/04/19 19:44:09][i][fab965ddb9d65891f222a2087347a844] POST 200 464.97µs /order/request

--------------------begin------------------------

[2017/04/19 19:45:46][i][583619f72b1e09995f44afa0bc863e3c] Started POST /order/request for 192.168.0.240
[2017/04/19 19:45:46][i][583619f72b1e09995f44afa0bc863e3c] POST 200 645.958µs /order/request
[2017/04/19 19:45:50][i][52d0b70a88ee6388c49f54a618222503] Started POST /order/request for 192.168.0.240
[2017/04/19 19:45:50][i][52d0b70a88ee6388c49f54a618222503] POST 200 207.728µs /order/request

--------------------begin------------------------

[2017/04/19 19:46:37][i][ae87f52cfae8602b32542cd1fdb10286] POST 200 320.467µs /order/request
[2017/04/19 19:46:37][i][ae87f52cfae8602b32542cd1fdb10286] Started POST /order/request for 192.168.0.240
[2017/04/19 19:46:41][i][ef34d2f64bc2449eb19f7d210949972d] Started POST /order/request for 192.168.0.240
[2017/04/19 19:46:41][i][ef34d2f64bc2449eb19f7d210949972d] POST 200 377.635µs /order/request
